Copyright 1986-2020 Xilinx, Inc. All Rights Reserved.
-------------------------------------------------------------------------------------
| Tool Version : Vivado v.2020.1 (win64) Build 2902540 Wed May 27 19:54:49 MDT 2020
| Date         : Tue May 18 23:43:22 2021
| Host         : NathanDesktop running 64-bit major release  (build 9200)
| Command      : report_control_sets -verbose -file tutorial_control_sets_placed.rpt
| Design       : tutorial
| Device       : xc7z020
-------------------------------------------------------------------------------------

Control Set Information

Table of Contents
-----------------
1. Summary
2. Histogram
3. Flip-Flop Distribution
4. Detailed Control Set Information

1. Summary
----------

+----------------------------------------------------------+-------+
|                          Status                          | Count |
+----------------------------------------------------------+-------+
| Total control sets                                       |     7 |
|    Minimum number of control sets                        |     7 |
|    Addition due to synthesis replication                 |     0 |
|    Addition due to physical synthesis replication        |     0 |
| Unused register locations in slices containing registers |    10 |
+----------------------------------------------------------+-------+
* Control sets can be merged at opt_design using control_set_merge or merge_equivalent_drivers
** Run report_qor_suggestions for automated merging and remapping suggestions


2. Histogram
------------

+--------------------+-------+
|       Fanout       | Count |
+--------------------+-------+
| Total control sets |     7 |
| >= 0 to < 4        |     0 |
| >= 4 to < 6        |     0 |
| >= 6 to < 8        |     0 |
| >= 8 to < 10       |     0 |
| >= 10 to < 12      |     0 |
| >= 12 to < 14      |     1 |
| >= 14 to < 16      |     0 |
| >= 16              |     6 |
+--------------------+-------+
* Control sets can be remapped at either synth_design or opt_design


3. Flip-Flop Distribution
-------------------------

+--------------+-----------------------+------------------------+-----------------+--------------+
| Clock Enable | Synchronous Set/Reset | Asynchronous Set/Reset | Total Registers | Total Slices |
+--------------+-----------------------+------------------------+-----------------+--------------+
| No           | No                    | No                     |              12 |            9 |
| No           | No                    | Yes                    |               0 |            0 |
| No           | Yes                   | No                     |               0 |            0 |
| Yes          | No                    | No                     |               0 |            0 |
| Yes          | No                    | Yes                    |               0 |            0 |
| Yes          | Yes                   | No                     |             186 |           48 |
+--------------+-----------------------+------------------------+-----------------+--------------+


4. Detailed Control Set Information
-----------------------------------

+----------------+---------------+------------------------------+------------------+----------------+--------------+
|  Clock Signal  | Enable Signal |       Set/Reset Signal       | Slice Load Count | Bel Load Count | Bels / Slice |
+----------------+---------------+------------------------------+------------------+----------------+--------------+
|  clk_IBUF_BUFG |               |                              |                9 |             12 |         1.33 |
|  clk_IBUF_BUFG | sw0_IBUF      | blue_counter[31]_i_1_n_0     |                8 |             31 |         3.88 |
|  clk_IBUF_BUFG | sw0_IBUF      | green_counter[31]_i_1_n_0    |                8 |             31 |         3.88 |
|  clk_IBUF_BUFG | sw0_IBUF      | red_counter[31]_i_1_n_0      |                8 |             31 |         3.88 |
|  clk_IBUF_BUFG | sw1_IBUF      | blue_counter[31]__0_i_1_n_0  |                8 |             31 |         3.88 |
|  clk_IBUF_BUFG | sw1_IBUF      | green_counter[31]__0_i_1_n_0 |                8 |             31 |         3.88 |
|  clk_IBUF_BUFG | sw1_IBUF      | red_counter[31]__0_i_1_n_0   |                8 |             31 |         3.88 |
+----------------+---------------+------------------------------+------------------+----------------+--------------+


